<?xml version="1.0" encoding="UTF-8"?>
<coverage generated="1744538150">
  <project timestamp="1744538150">
    <package name="Ultra\UltraConfigManager\Casts">
      <file name="/home/fabio/libraries/UltraConfigManager/src/Casts/EncryptedCast.php">
        <class name="Ultra\UltraConfigManager\Casts\EncryptedCast" namespace="Ultra\UltraConfigManager\Casts">
          <metrics complexity="15" methods="4" coveredmethods="0" conditionals="0" coveredconditionals="0" statements="50" coveredstatements="23" elements="54" coveredelements="23"/>
        </class>
        <line num="86" type="method" name="get" visibility="public" complexity="4" crap="5.02" count="3"/>
        <line num="88" type="stmt" count="3"/>
        <line num="89" type="stmt" count="1"/>
        <line num="94" type="stmt" count="2"/>
        <line num="95" type="stmt" count="2"/>
        <line num="96" type="stmt" count="1"/>
        <line num="98" type="stmt" count="1"/>
        <line num="99" type="stmt" count="1"/>
        <line num="100" type="stmt" count="1"/>
        <line num="101" type="stmt" count="1"/>
        <line num="102" type="stmt" count="1"/>
        <line num="103" type="stmt" count="1"/>
        <line num="104" type="stmt" count="1"/>
        <line num="105" type="stmt" count="1"/>
        <line num="106" type="stmt" count="1"/>
        <line num="118" type="stmt" count="1"/>
        <line num="119" type="stmt" count="0"/>
        <line num="121" type="stmt" count="0"/>
        <line num="122" type="stmt" count="0"/>
        <line num="123" type="stmt" count="0"/>
        <line num="124" type="stmt" count="0"/>
        <line num="125" type="stmt" count="0"/>
        <line num="126" type="stmt" count="0"/>
        <line num="127" type="stmt" count="0"/>
        <line num="128" type="stmt" count="0"/>
        <line num="130" type="stmt" count="0"/>
        <line num="145" type="method" name="set" visibility="public" complexity="3" crap="6.28" count="2"/>
        <line num="147" type="stmt" count="2"/>
        <line num="148" type="stmt" count="1"/>
        <line num="153" type="stmt" count="1"/>
        <line num="154" type="stmt" count="1"/>
        <line num="155" type="stmt" count="0"/>
        <line num="157" type="stmt" count="0"/>
        <line num="158" type="stmt" count="0"/>
        <line num="159" type="stmt" count="0"/>
        <line num="160" type="stmt" count="0"/>
        <line num="161" type="stmt" count="0"/>
        <line num="162" type="stmt" count="0"/>
        <line num="163" type="stmt" count="0"/>
        <line num="164" type="stmt" count="0"/>
        <line num="166" type="stmt" count="0"/>
        <line num="176" type="method" name="resolveEncrypter" visibility="protected" complexity="4" crap="7.46" count="3"/>
        <line num="178" type="stmt" count="3"/>
        <line num="180" type="stmt" count="3"/>
        <line num="181" type="stmt" count="0"/>
        <line num="182" type="stmt" count="0"/>
        <line num="186" type="stmt" count="0"/>
        <line num="194" type="method" name="resolveLogger" visibility="protected" complexity="4" crap="8.74" count="1"/>
        <line num="196" type="stmt" count="1"/>
        <line num="198" type="stmt" count="1"/>
        <line num="199" type="stmt" count="0"/>
        <line num="200" type="stmt" count="0"/>
        <line num="201" type="stmt" count="0"/>
        <line num="204" type="stmt" count="0"/>
        <metrics loc="206" ncloc="90" classes="1" methods="4" coveredmethods="0" conditionals="0" coveredconditionals="0" statements="50" coveredstatements="23" elements="54" coveredelements="23"/>
      </file>
    </package>
    <package name="Ultra\UltraConfigManager\Console\Commands">
      <file name="/home/fabio/libraries/UltraConfigManager/src/Console/Commands/UConfigInitializeCommand.php">
        <class name="Ultra\UltraConfigManager\Console\Commands\UConfigInitializeCommand" namespace="Ultra\UltraConfigManager\Console\Commands">
          <metrics complexity="5" methods="1" coveredmethods="0" conditionals="0" coveredconditionals="0" statements="33" coveredstatements="0" elements="34" coveredelements="0"/>
        </class>
        <line num="101" type="method" name="handle" visibility="public" complexity="5" crap="30" count="0"/>
        <line num="103" type="stmt" count="0"/>
        <line num="106" type="stmt" count="0"/>
        <line num="108" type="stmt" count="0"/>
        <line num="109" type="stmt" count="0"/>
        <line num="110" type="stmt" count="0"/>
        <line num="111" type="stmt" count="0"/>
        <line num="113" type="stmt" count="0"/>
        <line num="114" type="stmt" count="0"/>
        <line num="115" type="stmt" count="0"/>
        <line num="116" type="stmt" count="0"/>
        <line num="121" type="stmt" count="0"/>
        <line num="125" type="stmt" count="0"/>
        <line num="127" type="stmt" count="0"/>
        <line num="128" type="stmt" count="0"/>
        <line num="132" type="stmt" count="0"/>
        <line num="135" type="stmt" count="0"/>
        <line num="136" type="stmt" count="0"/>
        <line num="137" type="stmt" count="0"/>
        <line num="138" type="stmt" count="0"/>
        <line num="139" type="stmt" count="0"/>
        <line num="140" type="stmt" count="0"/>
        <line num="141" type="stmt" count="0"/>
        <line num="142" type="stmt" count="0"/>
        <line num="143" type="stmt" count="0"/>
        <line num="146" type="stmt" count="0"/>
        <line num="147" type="stmt" count="0"/>
        <line num="149" type="stmt" count="0"/>
        <line num="152" type="stmt" count="0"/>
        <line num="153" type="stmt" count="0"/>
        <line num="155" type="stmt" count="0"/>
        <line num="156" type="stmt" count="0"/>
        <line num="157" type="stmt" count="0"/>
        <line num="158" type="stmt" count="0"/>
        <metrics loc="161" ncloc="65" classes="1" methods="1" coveredmethods="0" conditionals="0" coveredconditionals="0" statements="33" coveredstatements="0" elements="34" coveredelements="0"/>
      </file>
    </package>
    <package name="Ultra\UltraConfigManager\Constants">
      <file name="/home/fabio/libraries/UltraConfigManager/src/Constants/GlobalConstants.php">
        <class name="Ultra\UltraConfigManager\Constants\GlobalConstants" namespace="Ultra\UltraConfigManager\Constants">
          <metrics complexity="6" methods="3" coveredmethods="0" conditionals="0" coveredconditionals="0" statements="16" coveredstatements="11" elements="19" coveredelements="11"/>
        </class>
        <line num="76" type="method" name="__construct" visibility="private" complexity="1" crap="2" count="0"/>
        <line num="79" type="stmt" count="0"/>
        <line num="92" type="method" name="getConstant" visibility="public" complexity="2" crap="2.50" count="2"/>
        <line num="95" type="stmt" count="2"/>
        <line num="97" type="stmt" count="2"/>
        <line num="99" type="stmt" count="2"/>
        <line num="101" type="stmt" count="0"/>
        <line num="103" type="stmt" count="0"/>
        <line num="104" type="stmt" count="0"/>
        <line num="119" type="method" name="validateConstant" visibility="public" complexity="3" crap="3.01" count="2"/>
        <line num="122" type="stmt" count="2"/>
        <line num="123" type="stmt" count="2"/>
        <line num="125" type="stmt" count="2"/>
        <line num="126" type="stmt" count="1"/>
        <line num="127" type="stmt" count="2"/>
        <line num="128" type="stmt" count="2"/>
        <line num="129" type="stmt" count="2"/>
        <line num="132" type="stmt" count="1"/>
        <line num="134" type="stmt" count="0"/>
        <metrics loc="137" ncloc="44" classes="1" methods="3" coveredmethods="0" conditionals="0" coveredconditionals="0" statements="16" coveredstatements="11" elements="19" coveredelements="11"/>
      </file>
    </package>
    <file name="/home/fabio/libraries/UltraConfigManager/src/Dao/ConfigDaoInterface.php">
      <metrics loc="198" ncloc="40" classes="0" methods="0" coveredmethods="0" conditionals="0" coveredconditionals="0" statements="0" coveredstatements="0" elements="0" coveredelements="0"/>
    </file>
    <package name="Ultra\UltraConfigManager\Dao">
      <file name="/home/fabio/libraries/UltraConfigManager/src/Dao/EloquentConfigDao.php">
        <class name="Ultra\UltraConfigManager\Dao\EloquentConfigDao" namespace="Ultra\UltraConfigManager\Dao">
          <metrics complexity="46" methods="12" coveredmethods="2" conditionals="0" coveredconditionals="0" statements="177" coveredstatements="113" elements="189" coveredelements="115"/>
        </class>
        <line num="100" type="method" name="__construct" visibility="public" complexity="1" crap="1" count="29"/>
        <line num="102" type="stmt" count="29"/>
        <line num="103" type="stmt" count="29"/>
        <line num="110" type="method" name="getAllConfigs" visibility="public" complexity="3" crap="4.94" count="3"/>
        <line num="112" type="stmt" count="3"/>
        <line num="114" type="stmt" count="3"/>
        <line num="115" type="stmt" count="3"/>
        <line num="116" type="stmt" count="3"/>
        <line num="117" type="stmt" count="0"/>
        <line num="118" type="stmt" count="0"/>
        <line num="119" type="stmt" count="0"/>
        <line num="120" type="stmt" count="0"/>
        <line num="121" type="stmt" count="0"/>
        <line num="122" type="stmt" count="0"/>
        <line num="130" type="method" name="getConfigByKey" visibility="public" complexity="5" crap="6.60" count="4"/>
        <line num="132" type="stmt" count="4"/>
        <line num="133" type="stmt" count="1"/>
        <line num="134" type="stmt" count="1"/>
        <line num="136" type="stmt" count="3"/>
        <line num="139" type="stmt" count="3"/>
        <line num="141" type="stmt" count="3"/>
        <line num="142" type="stmt" count="1"/>
        <line num="144" type="stmt" count="2"/>
        <line num="146" type="stmt" count="3"/>
        <line num="147" type="stmt" count="0"/>
        <line num="148" type="stmt" count="0"/>
        <line num="149" type="stmt" count="0"/>
        <line num="150" type="stmt" count="0"/>
        <line num="151" type="stmt" count="0"/>
        <line num="152" type="stmt" count="0"/>
        <line num="161" type="method" name="getConfigById" visibility="public" complexity="5" crap="6.60" count="4"/>
        <line num="163" type="stmt" count="4"/>
        <line num="165" type="stmt" count="4"/>
        <line num="166" type="stmt" count="4"/>
        <line num="167" type="stmt" count="1"/>
        <line num="170" type="stmt" count="4"/>
        <line num="172" type="stmt" count="4"/>
        <line num="173" type="stmt" count="2"/>
        <line num="175" type="stmt" count="2"/>
        <line num="180" type="stmt" count="4"/>
        <line num="181" type="stmt" count="0"/>
        <line num="182" type="stmt" count="0"/>
        <line num="183" type="stmt" count="0"/>
        <line num="184" type="stmt" count="0"/>
        <line num="185" type="stmt" count="0"/>
        <line num="186" type="stmt" count="0"/>
        <line num="195" type="method" name="saveConfig" visibility="public" complexity="8" crap="8.92" count="15"/>
        <line num="204" type="stmt" count="15"/>
        <line num="208" type="stmt" count="15"/>
        <line num="209" type="stmt" count="15"/>
        <line num="212" type="stmt" count="15"/>
        <line num="214" type="stmt" count="15"/>
        <line num="216" type="stmt" count="15"/>
        <line num="218" type="stmt" count="10"/>
        <line num="219" type="stmt" count="10"/>
        <line num="221" type="stmt" count="10"/>
        <line num="222" type="stmt" count="1"/>
        <line num="223" type="stmt" count="1"/>
        <line num="224" type="stmt" count="1"/>
        <line num="228" type="stmt" count="10"/>
        <line num="229" type="stmt" count="10"/>
        <line num="233" type="stmt" count="15"/>
        <line num="234" type="stmt" count="15"/>
        <line num="235" type="stmt" count="15"/>
        <line num="236" type="stmt" count="15"/>
        <line num="238" type="stmt" count="15"/>
        <line num="242" type="stmt" count="15"/>
        <line num="243" type="stmt" count="9"/>
        <line num="244" type="stmt" count="9"/>
        <line num="245" type="stmt" count="9"/>
        <line num="249" type="stmt" count="15"/>
        <line num="250" type="stmt" count="8"/>
        <line num="251" type="stmt" count="8"/>
        <line num="254" type="stmt" count="15"/>
        <line num="256" type="stmt" count="15"/>
        <line num="258" type="stmt" count="0"/>
        <line num="261" type="stmt" count="0"/>
        <line num="262" type="stmt" count="0"/>
        <line num="263" type="stmt" count="0"/>
        <line num="265" type="stmt" count="0"/>
        <line num="266" type="stmt" count="0"/>
        <line num="267" type="stmt" count="0"/>
        <line num="268" type="stmt" count="0"/>
        <line num="269" type="stmt" count="0"/>
        <line num="277" type="method" name="deleteConfigByKey" visibility="public" complexity="7" crap="9.79" count="6"/>
        <line num="279" type="stmt" count="6"/>
        <line num="280" type="stmt" count="0"/>
        <line num="281" type="stmt" count="0"/>
        <line num="283" type="stmt" count="6"/>
        <line num="286" type="stmt" count="6"/>
        <line num="288" type="stmt" count="6"/>
        <line num="290" type="stmt" count="6"/>
        <line num="291" type="stmt" count="2"/>
        <line num="292" type="stmt" count="2"/>
        <line num="296" type="stmt" count="5"/>
        <line num="299" type="stmt" count="5"/>
        <line num="301" type="stmt" count="5"/>
        <line num="302" type="stmt" count="0"/>
        <line num="304" type="stmt" count="0"/>
        <line num="307" type="stmt" count="5"/>
        <line num="310" type="stmt" count="5"/>
        <line num="311" type="stmt" count="4"/>
        <line num="312" type="stmt" count="4"/>
        <line num="315" type="stmt" count="5"/>
        <line num="317" type="stmt" count="6"/>
        <line num="319" type="stmt" count="0"/>
        <line num="320" type="stmt" count="0"/>
        <line num="321" type="stmt" count="0"/>
        <line num="322" type="stmt" count="0"/>
        <line num="324" type="stmt" count="0"/>
        <line num="325" type="stmt" count="0"/>
        <line num="333" type="method" name="getAuditsByConfigId" visibility="public" complexity="3" crap="4.12" count="1"/>
        <line num="335" type="stmt" count="1"/>
        <line num="338" type="stmt" count="1"/>
        <line num="339" type="stmt" count="1"/>
        <line num="340" type="stmt" count="1"/>
        <line num="341" type="stmt" count="1"/>
        <line num="342" type="stmt" count="1"/>
        <line num="343" type="stmt" count="0"/>
        <line num="344" type="stmt" count="0"/>
        <line num="345" type="stmt" count="0"/>
        <line num="346" type="stmt" count="0"/>
        <line num="347" type="stmt" count="0"/>
        <line num="348" type="stmt" count="0"/>
        <line num="356" type="method" name="getVersionsByConfigId" visibility="public" complexity="5" crap="6.32" count="3"/>
        <line num="358" type="stmt" count="3"/>
        <line num="360" type="stmt" count="3"/>
        <line num="361" type="stmt" count="3"/>
        <line num="362" type="stmt" count="3"/>
        <line num="363" type="stmt" count="3"/>
        <line num="366" type="stmt" count="3"/>
        <line num="367" type="stmt" count="3"/>
        <line num="368" type="stmt" count="3"/>
        <line num="369" type="stmt" count="3"/>
        <line num="370" type="stmt" count="3"/>
        <line num="371" type="stmt" count="0"/>
        <line num="372" type="stmt" count="0"/>
        <line num="373" type="stmt" count="0"/>
        <line num="374" type="stmt" count="0"/>
        <line num="375" type="stmt" count="0"/>
        <line num="376" type="stmt" count="0"/>
        <line num="383" type="method" name="shouldBypassSchemaChecks" visibility="public" complexity="1" crap="1" count="1"/>
        <line num="386" type="stmt" count="1"/>
        <line num="398" type="method" name="calculateNextVersion" visibility="protected" complexity="2" crap="2.21" count="9"/>
        <line num="400" type="stmt" count="9"/>
        <line num="403" type="stmt" count="9"/>
        <line num="404" type="stmt" count="9"/>
        <line num="405" type="stmt" count="9"/>
        <line num="406" type="stmt" count="9"/>
        <line num="407" type="stmt" count="0"/>
        <line num="408" type="stmt" count="0"/>
        <line num="409" type="stmt" count="0"/>
        <line num="423" type="method" name="internalCreateVersion" visibility="protected" complexity="3" crap="3.28" count="9"/>
        <line num="425" type="stmt" count="9"/>
        <line num="427" type="stmt" count="9"/>
        <line num="428" type="stmt" count="9"/>
        <line num="429" type="stmt" count="9"/>
        <line num="430" type="stmt" count="9"/>
        <line num="431" type="stmt" count="9"/>
        <line num="432" type="stmt" count="9"/>
        <line num="433" type="stmt" count="9"/>
        <line num="434" type="stmt" count="9"/>
        <line num="435" type="stmt" count="9"/>
        <line num="437" type="stmt" count="9"/>
        <line num="438" type="stmt" count="9"/>
        <line num="439" type="stmt" count="9"/>
        <line num="440" type="stmt" count="0"/>
        <line num="442" type="stmt" count="0"/>
        <line num="443" type="stmt" count="0"/>
        <line num="444" type="stmt" count="0"/>
        <line num="446" type="stmt" count="0"/>
        <line num="447" type="stmt" count="0"/>
        <line num="462" type="method" name="internalCreateAudit" visibility="protected" complexity="3" crap="3.47" count="11"/>
        <line num="464" type="stmt" count="11"/>
        <line num="466" type="stmt" count="11"/>
        <line num="467" type="stmt" count="11"/>
        <line num="468" type="stmt" count="11"/>
        <line num="470" type="stmt" count="11"/>
        <line num="471" type="stmt" count="11"/>
        <line num="472" type="stmt" count="11"/>
        <line num="473" type="stmt" count="11"/>
        <line num="474" type="stmt" count="11"/>
        <line num="475" type="stmt" count="11"/>
        <line num="476" type="stmt" count="0"/>
        <line num="477" type="stmt" count="0"/>
        <line num="478" type="stmt" count="0"/>
        <line num="479" type="stmt" count="0"/>
        <line num="480" type="stmt" count="0"/>
        <line num="481" type="stmt" count="0"/>
        <metrics loc="484" ncloc="299" classes="1" methods="12" coveredmethods="2" conditionals="0" coveredconditionals="0" statements="177" coveredstatements="113" elements="189" coveredelements="115"/>
      </file>
    </package>
    <package name="Ultra\UltraConfigManager\DataTransferObjects">
      <file name="/home/fabio/libraries/UltraConfigManager/src/DataTransferObjects/ConfigAuditData.php">
        <class name="Ultra\UltraConfigManager\DataTransferObjects\ConfigAuditData" namespace="Ultra\UltraConfigManager\DataTransferObjects">
          <metrics complexity="1" methods="1" coveredmethods="0" conditionals="0" coveredconditionals="0" statements="1" coveredstatements="0" elements="2" coveredelements="0"/>
        </class>
        <line num="37" type="method" name="__construct" visibility="public" complexity="1" crap="2" count="0"/>
        <line num="40" type="stmt" count="0"/>
        <metrics loc="41" ncloc="13" classes="1" methods="1" coveredmethods="0" conditionals="0" coveredconditionals="0" statements="1" coveredstatements="0" elements="2" coveredelements="0"/>
      </file>
      <file name="/home/fabio/libraries/UltraConfigManager/src/DataTransferObjects/ConfigDisplayData.php">
        <class name="Ultra\UltraConfigManager\DataTransferObjects\ConfigDisplayData" namespace="Ultra\UltraConfigManager\DataTransferObjects">
          <metrics complexity="10" methods="2" coveredmethods="0" conditionals="0" coveredconditionals="0" statements="19" coveredstatements="0" elements="21" coveredelements="0"/>
        </class>
        <line num="41" type="method" name="__construct" visibility="public" complexity="1" crap="2" count="0"/>
        <line num="49" type="stmt" count="0"/>
        <line num="59" type="method" name="fromModel" visibility="public" complexity="9" crap="90" count="0"/>
        <line num="61" type="stmt" count="0"/>
        <line num="62" type="stmt" count="0"/>
        <line num="63" type="stmt" count="0"/>
        <line num="64" type="stmt" count="0"/>
        <line num="65" type="stmt" count="0"/>
        <line num="66" type="stmt" count="0"/>
        <line num="67" type="stmt" count="0"/>
        <line num="68" type="stmt" count="0"/>
        <line num="69" type="stmt" count="0"/>
        <line num="71" type="stmt" count="0"/>
        <line num="72" type="stmt" count="0"/>
        <line num="73" type="stmt" count="0"/>
        <line num="74" type="stmt" count="0"/>
        <line num="75" type="stmt" count="0"/>
        <line num="76" type="stmt" count="0"/>
        <line num="77" type="stmt" count="0"/>
        <line num="78" type="stmt" count="0"/>
        <line num="79" type="stmt" count="0"/>
        <metrics loc="81" ncloc="39" classes="1" methods="2" coveredmethods="0" conditionals="0" coveredconditionals="0" statements="19" coveredstatements="0" elements="21" coveredelements="0"/>
      </file>
      <file name="/home/fabio/libraries/UltraConfigManager/src/DataTransferObjects/ConfigEditData.php">
        <class name="Ultra\UltraConfigManager\DataTransferObjects\ConfigEditData" namespace="Ultra\UltraConfigManager\DataTransferObjects">
          <metrics complexity="1" methods="1" coveredmethods="0" conditionals="0" coveredconditionals="0" statements="1" coveredstatements="0" elements="2" coveredelements="0"/>
        </class>
        <line num="39" type="method" name="__construct" visibility="public" complexity="1" crap="2" count="0"/>
        <line num="43" type="stmt" count="0"/>
        <metrics loc="44" ncloc="14" classes="1" methods="1" coveredmethods="0" conditionals="0" coveredconditionals="0" statements="1" coveredstatements="0" elements="2" coveredelements="0"/>
      </file>
    </package>
    <package name="Ultra\UltraConfigManager\Enums">
      <file name="/home/fabio/libraries/UltraConfigManager/src/Enums/CategoryEnum.php">
        <class name="Ultra\UltraConfigManager\Enums\CategoryEnum" namespace="Ultra\UltraConfigManager\Enums">
          <metrics complexity="9" methods="4" coveredmethods="4" conditionals="0" coveredconditionals="0" statements="14" coveredstatements="14" elements="18" coveredelements="18"/>
        </class>
        <line num="88" type="method" name="translationKey" visibility="public" complexity="2" crap="2" count="3"/>
        <line num="91" type="stmt" count="3"/>
        <line num="92" type="stmt" count="2"/>
        <line num="94" type="stmt" count="3"/>
        <line num="104" type="method" name="translatedName" visibility="public" complexity="1" crap="1" count="2"/>
        <line num="108" type="stmt" count="2"/>
        <line num="119" type="method" name="translatedOptions" visibility="public" complexity="3" crap="3" count="1"/>
        <line num="121" type="stmt" count="1"/>
        <line num="122" type="stmt" count="1"/>
        <line num="124" type="stmt" count="1"/>
        <line num="125" type="stmt" count="1"/>
        <line num="128" type="stmt" count="1"/>
        <line num="138" type="method" name="validValues" visibility="public" complexity="3" crap="3" count="1"/>
        <line num="140" type="stmt" count="1"/>
        <line num="141" type="stmt" count="1"/>
        <line num="142" type="stmt" count="1"/>
        <line num="143" type="stmt" count="1"/>
        <line num="146" type="stmt" count="1"/>
        <metrics loc="148" ncloc="47" classes="1" methods="4" coveredmethods="4" conditionals="0" coveredconditionals="0" statements="14" coveredstatements="14" elements="18" coveredelements="18"/>
      </file>
    </package>
    <package name="Ultra\UltraConfigManager\Exceptions">
      <file name="/home/fabio/libraries/UltraConfigManager/src/Exceptions/ConfigNotFoundException.php">
        <class name="Ultra\UltraConfigManager\Exceptions\ConfigNotFoundException" namespace="Ultra\UltraConfigManager\Exceptions">
          <metrics complexity="1" methods="1" coveredmethods="0" conditionals="0" coveredconditionals="0" statements="1" coveredstatements="0" elements="2" coveredelements="0"/>
        </class>
        <line num="44" type="method" name="__construct" visibility="public" complexity="1" crap="2" count="0"/>
        <line num="46" type="stmt" count="0"/>
        <metrics loc="48" ncloc="14" classes="1" methods="1" coveredmethods="0" conditionals="0" coveredconditionals="0" statements="1" coveredstatements="0" elements="2" coveredelements="0"/>
      </file>
      <file name="/home/fabio/libraries/UltraConfigManager/src/Exceptions/DuplicateKeyException.php">
        <class name="Ultra\UltraConfigManager\Exceptions\DuplicateKeyException" namespace="Ultra\UltraConfigManager\Exceptions">
          <metrics complexity="1" methods="1" coveredmethods="0" conditionals="0" coveredconditionals="0" statements="1" coveredstatements="0" elements="2" coveredelements="0"/>
        </class>
        <line num="45" type="method" name="__construct" visibility="public" complexity="1" crap="2" count="0"/>
        <line num="47" type="stmt" count="0"/>
        <metrics loc="49" ncloc="14" classes="1" methods="1" coveredmethods="0" conditionals="0" coveredconditionals="0" statements="1" coveredstatements="0" elements="2" coveredelements="0"/>
      </file>
      <file name="/home/fabio/libraries/UltraConfigManager/src/Exceptions/PersistenceException.php">
        <class name="Ultra\UltraConfigManager\Exceptions\PersistenceException" namespace="Ultra\UltraConfigManager\Exceptions">
          <metrics complexity="1" methods="1" coveredmethods="0" conditionals="0" coveredconditionals="0" statements="1" coveredstatements="0" elements="2" coveredelements="0"/>
        </class>
        <line num="48" type="method" name="__construct" visibility="public" complexity="1" crap="2" count="0"/>
        <line num="50" type="stmt" count="0"/>
        <metrics loc="52" ncloc="14" classes="1" methods="1" coveredmethods="0" conditionals="0" coveredconditionals="0" statements="1" coveredstatements="0" elements="2" coveredelements="0"/>
      </file>
    </package>
    <package name="Ultra\UltraConfigManager\Facades">
      <file name="/home/fabio/libraries/UltraConfigManager/src/Facades/UConfig.php">
        <class name="Ultra\UltraConfigManager\Facades\UConfig" namespace="Ultra\UltraConfigManager\Facades">
          <metrics complexity="1" methods="1" coveredmethods="0" conditionals="0" coveredconditionals="0" statements="1" coveredstatements="0" elements="2" coveredelements="0"/>
        </class>
        <line num="91" type="method" name="getFacadeAccessor" visibility="protected" complexity="1" crap="2" count="0"/>
        <line num="93" type="stmt" count="0"/>
        <metrics loc="95" ncloc="20" classes="1" methods="1" coveredmethods="0" conditionals="0" coveredconditionals="0" statements="1" coveredstatements="0" elements="2" coveredelements="0"/>
      </file>
    </package>
    <package name="Ultra\UltraConfigManager\Http\Controllers">
      <file name="/home/fabio/libraries/UltraConfigManager/src/Http/Controllers/UltraConfigController.php">
        <class name="Ultra\UltraConfigManager\Http\Controllers\UltraConfigController" namespace="Ultra\UltraConfigManager\Http\Controllers">
          <metrics complexity="31" methods="8" coveredmethods="0" conditionals="0" coveredconditionals="0" statements="176" coveredstatements="0" elements="184" coveredelements="0"/>
        </class>
        <line num="67" type="method" name="__construct" visibility="public" complexity="1" crap="2" count="0"/>
        <line num="71" type="stmt" count="0"/>
        <line num="82" type="method" name="index" visibility="public" complexity="3" crap="12" count="0"/>
        <line num="84" type="stmt" count="0"/>
        <line num="88" type="stmt" count="0"/>
        <line num="89" type="stmt" count="0"/>
        <line num="91" type="stmt" count="0"/>
        <line num="93" type="stmt" count="0"/>
        <line num="94" type="stmt" count="0"/>
        <line num="95" type="stmt" count="0"/>
        <line num="96" type="stmt" count="0"/>
        <line num="97" type="stmt" count="0"/>
        <line num="98" type="stmt" count="0"/>
        <line num="99" type="stmt" count="0"/>
        <line num="100" type="stmt" count="0"/>
        <line num="109" type="method" name="create" visibility="public" complexity="1" crap="2" count="0"/>
        <line num="111" type="stmt" count="0"/>
        <line num="112" type="stmt" count="0"/>
        <line num="113" type="stmt" count="0"/>
        <line num="114" type="stmt" count="0"/>
        <line num="126" type="method" name="store" visibility="public" complexity="4" crap="20" count="0"/>
        <line num="128" type="stmt" count="0"/>
        <line num="130" type="stmt" count="0"/>
        <line num="131" type="stmt" count="0"/>
        <line num="132" type="stmt" count="0"/>
        <line num="133" type="stmt" count="0"/>
        <line num="134" type="stmt" count="0"/>
        <line num="135" type="stmt" count="0"/>
        <line num="137" type="stmt" count="0"/>
        <line num="138" type="stmt" count="0"/>
        <line num="141" type="stmt" count="0"/>
        <line num="142" type="stmt" count="0"/>
        <line num="143" type="stmt" count="0"/>
        <line num="144" type="stmt" count="0"/>
        <line num="145" type="stmt" count="0"/>
        <line num="146" type="stmt" count="0"/>
        <line num="147" type="stmt" count="0"/>
        <line num="148" type="stmt" count="0"/>
        <line num="150" type="stmt" count="0"/>
        <line num="151" type="stmt" count="0"/>
        <line num="152" type="stmt" count="0"/>
        <line num="154" type="stmt" count="0"/>
        <line num="155" type="stmt" count="0"/>
        <line num="156" type="stmt" count="0"/>
        <line num="157" type="stmt" count="0"/>
        <line num="158" type="stmt" count="0"/>
        <line num="159" type="stmt" count="0"/>
        <line num="160" type="stmt" count="0"/>
        <line num="161" type="stmt" count="0"/>
        <line num="162" type="stmt" count="0"/>
        <line num="163" type="stmt" count="0"/>
        <line num="164" type="stmt" count="0"/>
        <line num="165" type="stmt" count="0"/>
        <line num="166" type="stmt" count="0"/>
        <line num="167" type="stmt" count="0"/>
        <line num="168" type="stmt" count="0"/>
        <line num="180" type="method" name="edit" visibility="public" complexity="4" crap="20" count="0"/>
        <line num="182" type="stmt" count="0"/>
        <line num="186" type="stmt" count="0"/>
        <line num="189" type="stmt" count="0"/>
        <line num="190" type="stmt" count="0"/>
        <line num="193" type="stmt" count="0"/>
        <line num="194" type="stmt" count="0"/>
        <line num="195" type="stmt" count="0"/>
        <line num="196" type="stmt" count="0"/>
        <line num="197" type="stmt" count="0"/>
        <line num="198" type="stmt" count="0"/>
        <line num="199" type="stmt" count="0"/>
        <line num="201" type="stmt" count="0"/>
        <line num="202" type="stmt" count="0"/>
        <line num="203" type="stmt" count="0"/>
        <line num="204" type="stmt" count="0"/>
        <line num="205" type="stmt" count="0"/>
        <line num="206" type="stmt" count="0"/>
        <line num="207" type="stmt" count="0"/>
        <line num="208" type="stmt" count="0"/>
        <line num="209" type="stmt" count="0"/>
        <line num="210" type="stmt" count="0"/>
        <line num="211" type="stmt" count="0"/>
        <line num="212" type="stmt" count="0"/>
        <line num="226" type="method" name="update" visibility="public" complexity="7" crap="56" count="0"/>
        <line num="228" type="stmt" count="0"/>
        <line num="234" type="stmt" count="0"/>
        <line num="236" type="stmt" count="0"/>
        <line num="237" type="stmt" count="0"/>
        <line num="238" type="stmt" count="0"/>
        <line num="239" type="stmt" count="0"/>
        <line num="241" type="stmt" count="0"/>
        <line num="242" type="stmt" count="0"/>
        <line num="243" type="stmt" count="0"/>
        <line num="244" type="stmt" count="0"/>
        <line num="245" type="stmt" count="0"/>
        <line num="246" type="stmt" count="0"/>
        <line num="247" type="stmt" count="0"/>
        <line num="248" type="stmt" count="0"/>
        <line num="249" type="stmt" count="0"/>
        <line num="254" type="stmt" count="0"/>
        <line num="255" type="stmt" count="0"/>
        <line num="256" type="stmt" count="0"/>
        <line num="257" type="stmt" count="0"/>
        <line num="258" type="stmt" count="0"/>
        <line num="260" type="stmt" count="0"/>
        <line num="261" type="stmt" count="0"/>
        <line num="265" type="stmt" count="0"/>
        <line num="266" type="stmt" count="0"/>
        <line num="267" type="stmt" count="0"/>
        <line num="268" type="stmt" count="0"/>
        <line num="269" type="stmt" count="0"/>
        <line num="270" type="stmt" count="0"/>
        <line num="271" type="stmt" count="0"/>
        <line num="272" type="stmt" count="0"/>
        <line num="274" type="stmt" count="0"/>
        <line num="275" type="stmt" count="0"/>
        <line num="276" type="stmt" count="0"/>
        <line num="279" type="stmt" count="0"/>
        <line num="280" type="stmt" count="0"/>
        <line num="281" type="stmt" count="0"/>
        <line num="282" type="stmt" count="0"/>
        <line num="283" type="stmt" count="0"/>
        <line num="284" type="stmt" count="0"/>
        <line num="285" type="stmt" count="0"/>
        <line num="286" type="stmt" count="0"/>
        <line num="287" type="stmt" count="0"/>
        <line num="288" type="stmt" count="0"/>
        <line num="289" type="stmt" count="0"/>
        <line num="290" type="stmt" count="0"/>
        <line num="291" type="stmt" count="0"/>
        <line num="292" type="stmt" count="0"/>
        <line num="304" type="method" name="destroy" visibility="public" complexity="7" crap="56" count="0"/>
        <line num="306" type="stmt" count="0"/>
        <line num="310" type="stmt" count="0"/>
        <line num="312" type="stmt" count="0"/>
        <line num="313" type="stmt" count="0"/>
        <line num="314" type="stmt" count="0"/>
        <line num="315" type="stmt" count="0"/>
        <line num="317" type="stmt" count="0"/>
        <line num="318" type="stmt" count="0"/>
        <line num="319" type="stmt" count="0"/>
        <line num="321" type="stmt" count="0"/>
        <line num="322" type="stmt" count="0"/>
        <line num="323" type="stmt" count="0"/>
        <line num="324" type="stmt" count="0"/>
        <line num="325" type="stmt" count="0"/>
        <line num="326" type="stmt" count="0"/>
        <line num="330" type="stmt" count="0"/>
        <line num="331" type="stmt" count="0"/>
        <line num="335" type="stmt" count="0"/>
        <line num="336" type="stmt" count="0"/>
        <line num="337" type="stmt" count="0"/>
        <line num="338" type="stmt" count="0"/>
        <line num="340" type="stmt" count="0"/>
        <line num="341" type="stmt" count="0"/>
        <line num="342" type="stmt" count="0"/>
        <line num="344" type="stmt" count="0"/>
        <line num="345" type="stmt" count="0"/>
        <line num="347" type="stmt" count="0"/>
        <line num="348" type="stmt" count="0"/>
        <line num="349" type="stmt" count="0"/>
        <line num="350" type="stmt" count="0"/>
        <line num="351" type="stmt" count="0"/>
        <line num="352" type="stmt" count="0"/>
        <line num="353" type="stmt" count="0"/>
        <line num="354" type="stmt" count="0"/>
        <line num="355" type="stmt" count="0"/>
        <line num="356" type="stmt" count="0"/>
        <line num="368" type="method" name="audit" visibility="public" complexity="4" crap="20" count="0"/>
        <line num="370" type="stmt" count="0"/>
        <line num="374" type="stmt" count="0"/>
        <line num="377" type="stmt" count="0"/>
        <line num="378" type="stmt" count="0"/>
        <line num="379" type="stmt" count="0"/>
        <line num="380" type="stmt" count="0"/>
        <line num="382" type="stmt" count="0"/>
        <line num="383" type="stmt" count="0"/>
        <line num="384" type="stmt" count="0"/>
        <line num="385" type="stmt" count="0"/>
        <line num="386" type="stmt" count="0"/>
        <line num="387" type="stmt" count="0"/>
        <line num="388" type="stmt" count="0"/>
        <line num="389" type="stmt" count="0"/>
        <line num="390" type="stmt" count="0"/>
        <line num="391" type="stmt" count="0"/>
        <line num="392" type="stmt" count="0"/>
        <line num="393" type="stmt" count="0"/>
        <metrics loc="396" ncloc="271" classes="1" methods="8" coveredmethods="0" conditionals="0" coveredconditionals="0" statements="176" coveredstatements="0" elements="184" coveredelements="0"/>
      </file>
    </package>
    <package name="Ultra\UltraConfigManager\Http\Middleware">
      <file name="/home/fabio/libraries/UltraConfigManager/src/Http/Middleware/CheckConfigManagerRole.php">
        <class name="Ultra\UltraConfigManager\Http\Middleware\CheckConfigManagerRole" namespace="Ultra\UltraConfigManager\Http\Middleware">
          <metrics complexity="17" methods="3" coveredmethods="0" conditionals="0" coveredconditionals="0" statements="41" coveredstatements="0" elements="44" coveredelements="0"/>
        </class>
        <line num="87" type="method" name="__construct" visibility="public" complexity="1" crap="2" count="0"/>
        <line num="91" type="stmt" count="0"/>
        <line num="103" type="method" name="handle" visibility="public" complexity="10" crap="110" count="0"/>
        <line num="106" type="stmt" count="0"/>
        <line num="109" type="stmt" count="0"/>
        <line num="110" type="stmt" count="0"/>
        <line num="113" type="stmt" count="0"/>
        <line num="116" type="stmt" count="0"/>
        <line num="117" type="stmt" count="0"/>
        <line num="119" type="stmt" count="0"/>
        <line num="122" type="stmt" count="0"/>
        <line num="124" type="stmt" count="0"/>
        <line num="127" type="stmt" count="0"/>
        <line num="129" type="stmt" count="0"/>
        <line num="130" type="stmt" count="0"/>
        <line num="133" type="stmt" count="0"/>
        <line num="134" type="stmt" count="0"/>
        <line num="135" type="stmt" count="0"/>
        <line num="137" type="stmt" count="0"/>
        <line num="141" type="stmt" count="0"/>
        <line num="142" type="stmt" count="0"/>
        <line num="143" type="stmt" count="0"/>
        <line num="144" type="stmt" count="0"/>
        <line num="145" type="stmt" count="0"/>
        <line num="146" type="stmt" count="0"/>
        <line num="148" type="stmt" count="0"/>
        <line num="151" type="stmt" count="0"/>
        <line num="153" type="stmt" count="0"/>
        <line num="154" type="stmt" count="0"/>
        <line num="155" type="stmt" count="0"/>
        <line num="157" type="stmt" count="0"/>
        <line num="162" type="stmt" count="0"/>
        <line num="163" type="stmt" count="0"/>
        <line num="165" type="stmt" count="0"/>
        <line num="168" type="stmt" count="0"/>
        <line num="171" type="stmt" count="0"/>
        <line num="180" type="method" name="mapPermissionToFallbackRole" visibility="protected" complexity="6" crap="42" count="0"/>
        <line num="183" type="stmt" count="0"/>
        <line num="184" type="stmt" count="0"/>
        <line num="185" type="stmt" count="0"/>
        <line num="186" type="stmt" count="0"/>
        <line num="187" type="stmt" count="0"/>
        <line num="188" type="stmt" count="0"/>
        <line num="189" type="stmt" count="0"/>
        <metrics loc="191" ncloc="77" classes="1" methods="3" coveredmethods="0" conditionals="0" coveredconditionals="0" statements="41" coveredstatements="0" elements="44" coveredelements="0"/>
      </file>
    </package>
    <package name="Ultra\UltraConfigManager\Models">
      <file name="/home/fabio/libraries/UltraConfigManager/src/Models/UltraConfigAudit.php">
        <class name="Ultra\UltraConfigManager\Models\UltraConfigAudit" namespace="Ultra\UltraConfigManager\Models">
          <metrics complexity="9" methods="4" coveredmethods="3" conditionals="0" coveredconditionals="0" statements="30" coveredstatements="26" elements="34" coveredelements="29"/>
        </class>
        <line num="139" type="method" name="uconfig" visibility="public" complexity="1" crap="1" count="1"/>
        <line num="141" type="stmt" count="1"/>
        <line num="150" type="method" name="user" visibility="public" complexity="1" crap="1" count="2"/>
        <line num="154" type="stmt" count="2"/>
        <line num="155" type="stmt" count="2"/>
        <line num="156" type="stmt" count="2"/>
        <line num="164" type="method" name="boot" visibility="protected" complexity="3" crap="3" count="11"/>
        <line num="166" type="stmt" count="11"/>
        <line num="168" type="stmt" count="11"/>
        <line num="171" type="stmt" count="11"/>
        <line num="174" type="stmt" count="11"/>
        <line num="176" type="stmt" count="11"/>
        <line num="177" type="stmt" count="1"/>
        <line num="178" type="stmt" count="1"/>
        <line num="179" type="stmt" count="1"/>
        <line num="180" type="stmt" count="1"/>
        <line num="181" type="stmt" count="1"/>
        <line num="182" type="stmt" count="1"/>
        <line num="186" type="stmt" count="10"/>
        <line num="187" type="stmt" count="10"/>
        <line num="188" type="stmt" count="10"/>
        <line num="189" type="stmt" count="10"/>
        <line num="190" type="stmt" count="10"/>
        <line num="191" type="stmt" count="11"/>
        <line num="194" type="stmt" count="11"/>
        <line num="195" type="stmt" count="10"/>
        <line num="196" type="stmt" count="11"/>
        <line num="204" type="method" name="getLogger" visibility="protected" complexity="4" crap="8.74" count="11"/>
        <line num="206" type="stmt" count="11"/>
        <line num="208" type="stmt" count="11"/>
        <line num="209" type="stmt" count="0"/>
        <line num="210" type="stmt" count="0"/>
        <line num="211" type="stmt" count="0"/>
        <line num="214" type="stmt" count="0"/>
        <metrics loc="216" ncloc="86" classes="1" methods="4" coveredmethods="3" conditionals="0" coveredconditionals="0" statements="30" coveredstatements="26" elements="34" coveredelements="29"/>
      </file>
      <file name="/home/fabio/libraries/UltraConfigManager/src/Models/UltraConfigModel.php">
        <class name="Ultra\UltraConfigManager\Models\UltraConfigModel" namespace="Ultra\UltraConfigManager\Models">
          <metrics complexity="14" methods="7" coveredmethods="6" conditionals="0" coveredconditionals="0" statements="41" coveredstatements="37" elements="48" coveredelements="43"/>
        </class>
        <line num="153" type="method" name="newFactory" visibility="protected" complexity="1" crap="1" count="9"/>
        <line num="155" type="stmt" count="9"/>
        <line num="164" type="method" name="versions" visibility="public" complexity="1" crap="1" count="1"/>
        <line num="166" type="stmt" count="1"/>
        <line num="175" type="method" name="audits" visibility="public" complexity="1" crap="1" count="1"/>
        <line num="177" type="stmt" count="1"/>
        <line num="188" type="method" name="setCategoryAttribute" visibility="public" complexity="1" crap="1" count="8"/>
        <line num="193" type="stmt" count="8"/>
        <line num="204" type="method" name="setKeyAttribute" visibility="public" complexity="2" crap="2" count="9"/>
        <line num="206" type="stmt" count="9"/>
        <line num="208" type="stmt" count="1"/>
        <line num="209" type="stmt" count="1"/>
        <line num="211" type="stmt" count="8"/>
        <line num="220" type="method" name="boot" visibility="protected" complexity="4" crap="4" count="10"/>
        <line num="222" type="stmt" count="10"/>
        <line num="224" type="stmt" count="10"/>
        <line num="227" type="stmt" count="10"/>
        <line num="229" type="stmt" count="9"/>
        <line num="230" type="stmt" count="1"/>
        <line num="231" type="stmt" count="1"/>
        <line num="233" type="stmt" count="8"/>
        <line num="234" type="stmt" count="10"/>
        <line num="237" type="stmt" count="10"/>
        <line num="238" type="stmt" count="1"/>
        <line num="239" type="stmt" count="10"/>
        <line num="243" type="stmt" count="10"/>
        <line num="245" type="stmt" count="9"/>
        <line num="246" type="stmt" count="1"/>
        <line num="247" type="stmt" count="1"/>
        <line num="248" type="stmt" count="1"/>
        <line num="249" type="stmt" count="1"/>
        <line num="250" type="stmt" count="1"/>
        <line num="251" type="stmt" count="1"/>
        <line num="253" type="stmt" count="1"/>
        <line num="255" type="stmt" count="10"/>
        <line num="258" type="stmt" count="10"/>
        <line num="259" type="stmt" count="2"/>
        <line num="260" type="stmt" count="10"/>
        <line num="263" type="stmt" count="10"/>
        <line num="264" type="stmt" count="1"/>
        <line num="265" type="stmt" count="10"/>
        <line num="276" type="method" name="getLogger" visibility="protected" complexity="4" crap="8.74" count="10"/>
        <line num="279" type="stmt" count="10"/>
        <line num="281" type="stmt" count="10"/>
        <line num="282" type="stmt" count="0"/>
        <line num="284" type="stmt" count="0"/>
        <line num="285" type="stmt" count="0"/>
        <line num="288" type="stmt" count="0"/>
        <metrics loc="290" ncloc="115" classes="1" methods="7" coveredmethods="6" conditionals="0" coveredconditionals="0" statements="41" coveredstatements="37" elements="48" coveredelements="43"/>
      </file>
      <file name="/home/fabio/libraries/UltraConfigManager/src/Models/UltraConfigVersion.php">
        <class name="Ultra\UltraConfigManager\Models\UltraConfigVersion" namespace="Ultra\UltraConfigManager\Models">
          <metrics complexity="12" methods="5" coveredmethods="2" conditionals="0" coveredconditionals="0" statements="32" coveredstatements="24" elements="37" coveredelements="26"/>
        </class>
        <line num="153" type="method" name="newFactory" visibility="protected" complexity="1" crap="2" count="0"/>
        <line num="155" type="stmt" count="0"/>
        <line num="164" type="method" name="uconfig" visibility="public" complexity="1" crap="1" count="1"/>
        <line num="166" type="stmt" count="1"/>
        <line num="175" type="method" name="user" visibility="public" complexity="1" crap="2" count="0"/>
        <line num="179" type="stmt" count="0"/>
        <line num="181" type="stmt" count="0"/>
        <line num="182" type="stmt" count="0"/>
        <line num="190" type="method" name="boot" visibility="protected" complexity="5" crap="5" count="9"/>
        <line num="192" type="stmt" count="9"/>
        <line num="194" type="stmt" count="9"/>
        <line num="197" type="stmt" count="9"/>
        <line num="199" type="stmt" count="9"/>
        <line num="200" type="stmt" count="3"/>
        <line num="201" type="stmt" count="3"/>
        <line num="202" type="stmt" count="3"/>
        <line num="203" type="stmt" count="3"/>
        <line num="204" type="stmt" count="3"/>
        <line num="206" type="stmt" count="6"/>
        <line num="207" type="stmt" count="1"/>
        <line num="208" type="stmt" count="1"/>
        <line num="212" type="stmt" count="5"/>
        <line num="213" type="stmt" count="5"/>
        <line num="214" type="stmt" count="5"/>
        <line num="215" type="stmt" count="5"/>
        <line num="216" type="stmt" count="5"/>
        <line num="217" type="stmt" count="9"/>
        <line num="220" type="stmt" count="9"/>
        <line num="221" type="stmt" count="5"/>
        <line num="222" type="stmt" count="9"/>
        <line num="230" type="method" name="getLogger" visibility="protected" complexity="4" crap="8.74" count="9"/>
        <line num="232" type="stmt" count="9"/>
        <line num="234" type="stmt" count="9"/>
        <line num="235" type="stmt" count="0"/>
        <line num="236" type="stmt" count="0"/>
        <line num="237" type="stmt" count="0"/>
        <line num="240" type="stmt" count="0"/>
        <metrics loc="242" ncloc="98" classes="1" methods="5" coveredmethods="2" conditionals="0" coveredconditionals="0" statements="32" coveredstatements="24" elements="37" coveredelements="26"/>
      </file>
      <file name="/home/fabio/libraries/UltraConfigManager/src/Models/User.php">
        <class name="Ultra\UltraConfigManager\Models\User" namespace="Ultra\UltraConfigManager\Models">
          <metrics complexity="8" methods="3" coveredmethods="0" conditionals="0" coveredconditionals="0" statements="13" coveredstatements="0" elements="16" coveredelements="0"/>
        </class>
        <line num="87" type="method" name="audits" visibility="public" complexity="1" crap="2" count="0"/>
        <line num="89" type="stmt" count="0"/>
        <line num="98" type="method" name="versions" visibility="public" complexity="1" crap="2" count="0"/>
        <line num="100" type="stmt" count="0"/>
        <line num="110" type="method" name="boot" visibility="protected" complexity="6" crap="42" count="0"/>
        <line num="112" type="stmt" count="0"/>
        <line num="114" type="stmt" count="0"/>
        <line num="116" type="stmt" count="0"/>
        <line num="118" type="stmt" count="0"/>
        <line num="120" type="stmt" count="0"/>
        <line num="122" type="stmt" count="0"/>
        <line num="125" type="stmt" count="0"/>
        <line num="127" type="stmt" count="0"/>
        <line num="129" type="stmt" count="0"/>
        <line num="131" type="stmt" count="0"/>
        <line num="134" type="stmt" count="0"/>
        <metrics loc="136" ncloc="60" classes="1" methods="3" coveredmethods="0" conditionals="0" coveredconditionals="0" statements="13" coveredstatements="0" elements="16" coveredelements="0"/>
      </file>
    </package>
    <package name="Ultra\UltraConfigManager\Providers">
      <file name="/home/fabio/libraries/UltraConfigManager/src/Providers/UConfigServiceProvider.php">
        <class name="Ultra\UltraConfigManager\Providers\UConfigServiceProvider" namespace="Ultra\UltraConfigManager\Providers">
          <metrics complexity="11" methods="7" coveredmethods="0" conditionals="0" coveredconditionals="0" statements="50" coveredstatements="0" elements="57" coveredelements="0"/>
        </class>
        <line num="115" type="method" name="register" visibility="public" complexity="1" crap="2" count="0"/>
        <line num="118" type="stmt" count="0"/>
        <line num="119" type="stmt" count="0"/>
        <line num="121" type="stmt" count="0"/>
        <line num="122" type="stmt" count="0"/>
        <line num="123" type="stmt" count="0"/>
        <line num="124" type="stmt" count="0"/>
        <line num="125" type="stmt" count="0"/>
        <line num="128" type="stmt" count="0"/>
        <line num="158" type="method" name="boot" visibility="public" complexity="3" crap="12" count="0"/>
        <line num="161" type="stmt" count="0"/>
        <line num="162" type="stmt" count="0"/>
        <line num="166" type="stmt" count="0"/>
        <line num="167" type="stmt" count="0"/>
        <line num="170" type="stmt" count="0"/>
        <line num="171" type="stmt" count="0"/>
        <line num="174" type="stmt" count="0"/>
        <line num="175" type="stmt" count="0"/>
        <line num="176" type="stmt" count="0"/>
        <line num="177" type="stmt" count="0"/>
        <line num="178" type="stmt" count="0"/>
        <line num="195" type="method" name="shouldSkipBoot" visibility="protected" complexity="1" crap="2" count="0"/>
        <line num="198" type="stmt" count="0"/>
        <line num="199" type="stmt" count="0"/>
        <line num="224" type="method" name="loadRoutes" visibility="protected" complexity="2" crap="6" count="0"/>
        <line num="226" type="stmt" count="0"/>
        <line num="228" type="stmt" count="0"/>
        <line num="229" type="stmt" count="0"/>
        <line num="231" type="stmt" count="0"/>
        <line num="232" type="stmt" count="0"/>
        <line num="233" type="stmt" count="0"/>
        <line num="235" type="stmt" count="0"/>
        <line num="256" type="method" name="registerMiddleware" visibility="protected" complexity="1" crap="2" count="0"/>
        <line num="259" type="stmt" count="0"/>
        <line num="260" type="stmt" count="0"/>
        <line num="286" type="method" name="publishResources" visibility="protected" complexity="1" crap="2" count="0"/>
        <line num="288" type="stmt" count="0"/>
        <line num="289" type="stmt" count="0"/>
        <line num="292" type="stmt" count="0"/>
        <line num="295" type="stmt" count="0"/>
        <line num="297" type="stmt" count="0"/>
        <line num="299" type="stmt" count="0"/>
        <line num="301" type="stmt" count="0"/>
        <line num="303" type="stmt" count="0"/>
        <line num="306" type="stmt" count="0"/>
        <line num="307" type="stmt" count="0"/>
        <line num="332" type="method" name="publishMigrations" visibility="protected" complexity="2" crap="6" count="0"/>
        <line num="335" type="stmt" count="0"/>
        <line num="336" type="stmt" count="0"/>
        <line num="337" type="stmt" count="0"/>
        <line num="338" type="stmt" count="0"/>
        <line num="339" type="stmt" count="0"/>
        <line num="341" type="stmt" count="0"/>
        <line num="342" type="stmt" count="0"/>
        <line num="343" type="stmt" count="0"/>
        <line num="344" type="stmt" count="0"/>
        <line num="345" type="stmt" count="0"/>
        <metrics loc="348" ncloc="104" classes="1" methods="7" coveredmethods="0" conditionals="0" coveredconditionals="0" statements="50" coveredstatements="0" elements="57" coveredelements="0"/>
      </file>
    </package>
    <package name="Ultra\UltraConfigManager\Services">
      <file name="/home/fabio/libraries/UltraConfigManager/src/Services/VersionManager.php">
        <class name="Ultra\UltraConfigManager\Services\VersionManager" namespace="Ultra\UltraConfigManager\Services">
          <metrics complexity="5" methods="1" coveredmethods="0" conditionals="0" coveredconditionals="0" statements="18" coveredstatements="5" elements="19" coveredelements="5"/>
        </class>
        <line num="86" type="method" name="getNextVersion" visibility="public" complexity="5" crap="14.42" count="3"/>
        <line num="89" type="stmt" count="3"/>
        <line num="91" type="stmt" count="1"/>
        <line num="98" type="stmt" count="2"/>
        <line num="101" type="stmt" count="2"/>
        <line num="106" type="stmt" count="2"/>
        <line num="108" type="stmt" count="0"/>
        <line num="110" type="stmt" count="0"/>
        <line num="111" type="stmt" count="0"/>
        <line num="112" type="stmt" count="0"/>
        <line num="113" type="stmt" count="0"/>
        <line num="114" type="stmt" count="0"/>
        <line num="115" type="stmt" count="0"/>
        <line num="117" type="stmt" count="0"/>
        <line num="118" type="stmt" count="0"/>
        <line num="119" type="stmt" count="0"/>
        <line num="120" type="stmt" count="0"/>
        <line num="121" type="stmt" count="0"/>
        <line num="122" type="stmt" count="0"/>
        <metrics loc="125" ncloc="38" classes="1" methods="1" coveredmethods="0" conditionals="0" coveredconditionals="0" statements="18" coveredstatements="5" elements="19" coveredelements="5"/>
      </file>
    </package>
    <package name="Ultra\UltraConfigManager">
      <file name="/home/fabio/libraries/UltraConfigManager/src/UltraConfigManager.php">
        <class name="Ultra\UltraConfigManager\UltraConfigManager" namespace="Ultra\UltraConfigManager">
          <metrics complexity="80" methods="17" coveredmethods="7" conditionals="0" coveredconditionals="0" statements="275" coveredstatements="198" elements="292" coveredelements="205"/>
        </class>
        <line num="124" type="method" name="__construct" visibility="public" complexity="7" crap="8.54" count="31"/>
        <line num="134" type="stmt" count="31"/>
        <line num="135" type="stmt" count="31"/>
        <line num="136" type="stmt" count="31"/>
        <line num="137" type="stmt" count="31"/>
        <line num="138" type="stmt" count="31"/>
        <line num="139" type="stmt" count="31"/>
        <line num="140" type="stmt" count="31"/>
        <line num="142" type="stmt" count="31"/>
        <line num="143" type="stmt" count="31"/>
        <line num="144" type="stmt" count="31"/>
        <line num="145" type="stmt" count="31"/>
        <line num="146" type="stmt" count="31"/>
        <line num="147" type="stmt" count="0"/>
        <line num="148" type="stmt" count="0"/>
        <line num="149" type="stmt" count="0"/>
        <line num="150" type="stmt" count="0"/>
        <line num="151" type="stmt" count="0"/>
        <line num="153" type="stmt" count="0"/>
        <line num="156" type="stmt" count="31"/>
        <line num="160" type="method" name="isCacheEnabled" visibility="private" complexity="1" crap="1" count="12"/>
        <line num="162" type="stmt" count="12"/>
        <line num="165" type="method" name="getCacheTtl" visibility="private" complexity="1" crap="1" count="9"/>
        <line num="167" type="stmt" count="9"/>
        <line num="170" type="method" name="loadConfig" visibility="public" complexity="7" crap="7.84" count="4"/>
        <line num="172" type="stmt" count="4"/>
        <line num="173" type="stmt" count="4"/>
        <line num="174" type="stmt" count="4"/>
        <line num="176" type="stmt" count="4"/>
        <line num="177" type="stmt" count="3"/>
        <line num="179" type="stmt" count="3"/>
        <line num="180" type="stmt" count="3"/>
        <line num="181" type="stmt" count="1"/>
        <line num="182" type="stmt" count="1"/>
        <line num="183" type="stmt" count="1"/>
        <line num="185" type="stmt" count="2"/>
        <line num="187" type="stmt" count="0"/>
        <line num="188" type="stmt" count="0"/>
        <line num="189" type="stmt" count="0"/>
        <line num="190" type="stmt" count="0"/>
        <line num="193" type="stmt" count="1"/>
        <line num="196" type="stmt" count="3"/>
        <line num="197" type="stmt" count="3"/>
        <line num="198" type="stmt" count="3"/>
        <line num="199" type="stmt" count="3"/>
        <line num="200" type="stmt" count="3"/>
        <line num="202" type="stmt" count="3"/>
        <line num="203" type="stmt" count="2"/>
        <line num="205" type="stmt" count="2"/>
        <line num="206" type="stmt" count="2"/>
        <line num="207" type="stmt" count="2"/>
        <line num="209" type="stmt" count="2"/>
        <line num="211" type="stmt" count="0"/>
        <line num="212" type="stmt" count="0"/>
        <line num="213" type="stmt" count="0"/>
        <line num="214" type="stmt" count="0"/>
        <line num="219" type="method" name="loadFromDatabase" visibility="private" complexity="4" crap="4.43" count="6"/>
        <line num="221" type="stmt" count="6"/>
        <line num="222" type="stmt" count="6"/>
        <line num="224" type="stmt" count="6"/>
        <line num="225" type="stmt" count="6"/>
        <line num="226" type="stmt" count="6"/>
        <line num="227" type="stmt" count="6"/>
        <line num="228" type="stmt" count="5"/>
        <line num="229" type="stmt" count="5"/>
        <line num="230" type="stmt" count="5"/>
        <line num="231" type="stmt" count="5"/>
        <line num="232" type="stmt" count="5"/>
        <line num="233" type="stmt" count="5"/>
        <line num="235" type="stmt" count="0"/>
        <line num="236" type="stmt" count="0"/>
        <line num="239" type="stmt" count="6"/>
        <line num="240" type="stmt" count="0"/>
        <line num="241" type="stmt" count="0"/>
        <line num="242" type="stmt" count="0"/>
        <line num="243" type="stmt" count="0"/>
        <line num="245" type="stmt" count="6"/>
        <line num="248" type="method" name="mergeWithEnvironment" visibility="private" complexity="3" crap="3" count="6"/>
        <line num="250" type="stmt" count="6"/>
        <line num="251" type="stmt" count="6"/>
        <line num="252" type="stmt" count="6"/>
        <line num="253" type="stmt" count="6"/>
        <line num="254" type="stmt" count="5"/>
        <line num="255" type="stmt" count="5"/>
        <line num="256" type="stmt" count="5"/>
        <line num="259" type="stmt" count="6"/>
        <line num="260" type="stmt" count="6"/>
        <line num="263" type="method" name="has" visibility="public" complexity="1" crap="1" count="3"/>
        <line num="265" type="stmt" count="3"/>
        <line num="266" type="stmt" count="3"/>
        <line num="267" type="stmt" count="3"/>
        <line num="270" type="method" name="get" visibility="public" complexity="6" crap="6" count="4"/>
        <line num="272" type="stmt" count="4"/>
        <line num="273" type="stmt" count="2"/>
        <line num="274" type="stmt" count="2"/>
        <line num="275" type="stmt" count="1"/>
        <line num="276" type="stmt" count="1"/>
        <line num="278" type="stmt" count="2"/>
        <line num="280" type="stmt" count="2"/>
        <line num="281" type="stmt" count="1"/>
        <line num="283" type="stmt" count="2"/>
        <line num="287" type="method" name="set" visibility="public" complexity="10" crap="12.78" count="3"/>
        <line num="295" type="stmt" count="3"/>
        <line num="297" type="stmt" count="3"/>
        <line num="298" type="stmt" count="1"/>
        <line num="299" type="stmt" count="1"/>
        <line num="301" type="stmt" count="2"/>
        <line num="302" type="stmt" count="0"/>
        <line num="303" type="stmt" count="0"/>
        <line num="305" type="stmt" count="2"/>
        <line num="306" type="stmt" count="2"/>
        <line num="307" type="stmt" count="0"/>
        <line num="308" type="stmt" count="0"/>
        <line num="309" type="stmt" count="0"/>
        <line num="311" type="stmt" count="2"/>
        <line num="314" type="stmt" count="2"/>
        <line num="315" type="stmt" count="2"/>
        <line num="317" type="stmt" count="2"/>
        <line num="318" type="stmt" count="2"/>
        <line num="319" type="stmt" count="2"/>
        <line num="320" type="stmt" count="2"/>
        <line num="321" type="stmt" count="2"/>
        <line num="322" type="stmt" count="2"/>
        <line num="323" type="stmt" count="2"/>
        <line num="324" type="stmt" count="2"/>
        <line num="325" type="stmt" count="2"/>
        <line num="327" type="stmt" count="2"/>
        <line num="328" type="stmt" count="2"/>
        <line num="330" type="stmt" count="2"/>
        <line num="332" type="stmt" count="2"/>
        <line num="334" type="stmt" count="0"/>
        <line num="335" type="stmt" count="0"/>
        <line num="336" type="stmt" count="0"/>
        <line num="337" type="stmt" count="0"/>
        <line num="338" type="stmt" count="0"/>
        <line num="342" type="method" name="delete" visibility="public" complexity="7" crap="7.31" count="4"/>
        <line num="344" type="stmt" count="4"/>
        <line num="346" type="stmt" count="4"/>
        <line num="347" type="stmt" count="1"/>
        <line num="348" type="stmt" count="1"/>
        <line num="352" type="stmt" count="3"/>
        <line num="353" type="stmt" count="3"/>
        <line num="354" type="stmt" count="1"/>
        <line num="357" type="stmt" count="3"/>
        <line num="358" type="stmt" count="3"/>
        <line num="359" type="stmt" count="3"/>
        <line num="360" type="stmt" count="3"/>
        <line num="361" type="stmt" count="3"/>
        <line num="363" type="stmt" count="3"/>
        <line num="364" type="stmt" count="1"/>
        <line num="365" type="stmt" count="1"/>
        <line num="366" type="stmt" count="1"/>
        <line num="367" type="stmt" count="1"/>
        <line num="369" type="stmt" count="2"/>
        <line num="370" type="stmt" count="1"/>
        <line num="372" type="stmt" count="1"/>
        <line num="374" type="stmt" count="2"/>
        <line num="375" type="stmt" count="3"/>
        <line num="378" type="stmt" count="0"/>
        <line num="379" type="stmt" count="0"/>
        <line num="380" type="stmt" count="0"/>
        <line num="381" type="stmt" count="0"/>
        <line num="382" type="stmt" count="0"/>
        <line num="386" type="method" name="all" visibility="public" complexity="1" crap="1" count="2"/>
        <line num="388" type="stmt" count="2"/>
        <line num="389" type="stmt" count="2"/>
        <line num="390" type="stmt" count="2"/>
        <line num="393" type="method" name="refreshConfigCache" visibility="public" complexity="10" crap="12.17" count="7"/>
        <line num="395" type="stmt" count="7"/>
        <line num="396" type="stmt" count="0"/>
        <line num="397" type="stmt" count="0"/>
        <line num="399" type="stmt" count="7"/>
        <line num="400" type="stmt" count="7"/>
        <line num="401" type="stmt" count="7"/>
        <line num="402" type="stmt" count="7"/>
        <line num="404" type="stmt" count="7"/>
        <line num="406" type="stmt" count="7"/>
        <line num="408" type="stmt" count="5"/>
        <line num="409" type="stmt" count="5"/>
        <line num="411" type="stmt" count="5"/>
        <line num="412" type="stmt" count="2"/>
        <line num="413" type="stmt" count="2"/>
        <line num="415" type="stmt" count="3"/>
        <line num="416" type="stmt" count="3"/>
        <line num="418" type="stmt" count="5"/>
        <line num="419" type="stmt" count="5"/>
        <line num="420" type="stmt" count="5"/>
        <line num="422" type="stmt" count="5"/>
        <line num="424" type="stmt" count="0"/>
        <line num="425" type="stmt" count="0"/>
        <line num="426" type="stmt" count="0"/>
        <line num="427" type="stmt" count="0"/>
        <line num="429" type="stmt" count="5"/>
        <line num="432" type="stmt" count="2"/>
        <line num="433" type="stmt" count="2"/>
        <line num="435" type="stmt" count="2"/>
        <line num="436" type="stmt" count="1"/>
        <line num="437" type="stmt" count="1"/>
        <line num="438" type="stmt" count="1"/>
        <line num="439" type="stmt" count="1"/>
        <line num="440" type="stmt" count="1"/>
        <line num="441" type="stmt" count="1"/>
        <line num="442" type="stmt" count="1"/>
        <line num="444" type="stmt" count="0"/>
        <line num="447" type="stmt" count="2"/>
        <line num="449" type="stmt" count="0"/>
        <line num="450" type="stmt" count="0"/>
        <line num="451" type="stmt" count="0"/>
        <line num="452" type="stmt" count="0"/>
        <line num="453" type="stmt" count="0"/>
        <line num="455" type="stmt" count="2"/>
        <line num="459" type="method" name="reload" visibility="public" complexity="5" crap="5.47" count="2"/>
        <line num="461" type="stmt" count="2"/>
        <line num="462" type="stmt" count="2"/>
        <line num="463" type="stmt" count="2"/>
        <line num="464" type="stmt" count="2"/>
        <line num="465" type="stmt" count="2"/>
        <line num="467" type="stmt" count="2"/>
        <line num="468" type="stmt" count="1"/>
        <line num="470" type="stmt" count="1"/>
        <line num="471" type="stmt" count="1"/>
        <line num="472" type="stmt" count="1"/>
        <line num="474" type="stmt" count="1"/>
        <line num="476" type="stmt" count="0"/>
        <line num="477" type="stmt" count="0"/>
        <line num="478" type="stmt" count="0"/>
        <line num="479" type="stmt" count="0"/>
        <line num="484" type="method" name="validateConstant" visibility="public" complexity="2" crap="2" count="2"/>
        <line num="486" type="stmt" count="2"/>
        <line num="488" type="stmt" count="2"/>
        <line num="489" type="stmt" count="1"/>
        <line num="490" type="stmt" count="1"/>
        <line num="491" type="stmt" count="1"/>
        <line num="492" type="stmt" count="1"/>
        <line num="507" type="method" name="getAllEntriesForDisplay" visibility="public" complexity="5" crap="11.44" count="1"/>
        <line num="512" type="stmt" count="1"/>
        <line num="514" type="stmt" count="1"/>
        <line num="516" type="stmt" count="1"/>
        <line num="517" type="stmt" count="1"/>
        <line num="518" type="stmt" count="1"/>
        <line num="520" type="stmt" count="1"/>
        <line num="521" type="stmt" count="0"/>
        <line num="522" type="stmt" count="0"/>
        <line num="523" type="stmt" count="0"/>
        <line num="524" type="stmt" count="0"/>
        <line num="525" type="stmt" count="0"/>
        <line num="526" type="stmt" count="0"/>
        <line num="527" type="stmt" count="0"/>
        <line num="528" type="stmt" count="0"/>
        <line num="530" type="stmt" count="1"/>
        <line num="531" type="stmt" count="1"/>
        <line num="533" type="stmt" count="0"/>
        <line num="534" type="stmt" count="0"/>
        <line num="535" type="stmt" count="0"/>
        <line num="536" type="stmt" count="0"/>
        <line num="537" type="stmt" count="0"/>
        <line num="538" type="stmt" count="0"/>
        <line num="548" type="method" name="findEntryForEdit" visibility="public" complexity="5" crap="6.10" count="2"/>
        <line num="550" type="stmt" count="2"/>
        <line num="552" type="stmt" count="2"/>
        <line num="553" type="stmt" count="2"/>
        <line num="554" type="stmt" count="1"/>
        <line num="555" type="stmt" count="1"/>
        <line num="556" type="stmt" count="1"/>
        <line num="557" type="stmt" count="1"/>
        <line num="558" type="stmt" count="1"/>
        <line num="559" type="stmt" count="1"/>
        <line num="560" type="stmt" count="1"/>
        <line num="561" type="stmt" count="1"/>
        <line num="562" type="stmt" count="0"/>
        <line num="563" type="stmt" count="0"/>
        <line num="564" type="stmt" count="0"/>
        <line num="565" type="stmt" count="0"/>
        <line num="566" type="stmt" count="0"/>
        <line num="567" type="stmt" count="0"/>
        <line num="577" type="method" name="findEntryForAudit" visibility="public" complexity="5" crap="6.32" count="2"/>
        <line num="579" type="stmt" count="2"/>
        <line num="581" type="stmt" count="2"/>
        <line num="582" type="stmt" count="2"/>
        <line num="583" type="stmt" count="1"/>
        <line num="584" type="stmt" count="1"/>
        <line num="585" type="stmt" count="1"/>
        <line num="586" type="stmt" count="1"/>
        <line num="587" type="stmt" count="1"/>
        <line num="588" type="stmt" count="1"/>
        <line num="589" type="stmt" count="1"/>
        <line num="590" type="stmt" count="0"/>
        <line num="591" type="stmt" count="0"/>
        <line num="592" type="stmt" count="0"/>
        <line num="593" type="stmt" count="0"/>
        <line num="594" type="stmt" count="0"/>
        <line num="595" type="stmt" count="0"/>
        <metrics loc="599" ncloc="487" classes="1" methods="17" coveredmethods="7" conditionals="0" coveredconditionals="0" statements="275" coveredstatements="198" elements="292" coveredelements="205"/>
      </file>
    </package>
    <metrics files="22" loc="4287" ncloc="2049" classes="21" methods="87" coveredmethods="24" conditionals="0" coveredconditionals="0" statements="991" coveredstatements="451" elements="1078" coveredelements="475"/>
  </project>
</coverage>
